Determining if the pthread_create exist failed with the following output:
Change Dir: /home/alena/athena/athena_heart/build/CMakeFiles/CMakeTmp

Run Build Command:"/usr/bin/make" "cmTC_a2f98/fast"
make[1]: Entering directory '/home/alena/athena/athena_heart/build/CMakeFiles/CMakeTmp'
/usr/bin/make -f CMakeFiles/cmTC_a2f98.dir/build.make CMakeFiles/cmTC_a2f98.dir/build
make[2]: Entering directory '/home/alena/athena/athena_heart/build/CMakeFiles/CMakeTmp'
Building C object CMakeFiles/cmTC_a2f98.dir/CheckSymbolExists.c.o
/usr/bin/cc    -o CMakeFiles/cmTC_a2f98.dir/CheckSymbolExists.c.o   -c /home/alena/athena/athena_heart/build/CMakeFiles/CMakeTmp/CheckSymbolExists.c
Linking C executable cmTC_a2f98
/usr/bin/cmake -E cmake_link_script CMakeFiles/cmTC_a2f98.dir/link.txt --verbose=1
/usr/bin/cc      -rdynamic CMakeFiles/cmTC_a2f98.dir/CheckSymbolExists.c.o  -o cmTC_a2f98 
CMakeFiles/cmTC_a2f98.dir/CheckSymbolExists.c.o: In function `main':
CheckSymbolExists.c:(.text+0x1b): undefined reference to `pthread_create'
collect2: error: ld returned 1 exit status
CMakeFiles/cmTC_a2f98.dir/build.make:97: recipe for target 'cmTC_a2f98' failed
make[2]: *** [cmTC_a2f98] Error 1
make[2]: Leaving directory '/home/alena/athena/athena_heart/build/CMakeFiles/CMakeTmp'
Makefile:126: recipe for target 'cmTC_a2f98/fast' failed
make[1]: *** [cmTC_a2f98/fast] Error 2
make[1]: Leaving directory '/home/alena/athena/athena_heart/build/CMakeFiles/CMakeTmp'

File /home/alena/athena/athena_heart/build/CMakeFiles/CMakeTmp/CheckSymbolExists.c:
/* */
#include <pthread.h>

int main(int argc, char** argv)
{
  (void)argv;
#ifndef pthread_create
  return ((int*)(&pthread_create))[argc];
#else
  (void)argc;
  return 0;
#endif
}

Determining if the function pthread_create exists in the pthreads failed with the following output:
Change Dir: /home/alena/athena/athena_heart/build/CMakeFiles/CMakeTmp

Run Build Command:"/usr/bin/make" "cmTC_76f17/fast"
make[1]: Entering directory '/home/alena/athena/athena_heart/build/CMakeFiles/CMakeTmp'
/usr/bin/make -f CMakeFiles/cmTC_76f17.dir/build.make CMakeFiles/cmTC_76f17.dir/build
make[2]: Entering directory '/home/alena/athena/athena_heart/build/CMakeFiles/CMakeTmp'
Building C object CMakeFiles/cmTC_76f17.dir/CheckFunctionExists.c.o
/usr/bin/cc   -DCHECK_FUNCTION_EXISTS=pthread_create   -o CMakeFiles/cmTC_76f17.dir/CheckFunctionExists.c.o   -c /usr/share/cmake-3.10/Modules/CheckFunctionExists.c
Linking C executable cmTC_76f17
/usr/bin/cmake -E cmake_link_script CMakeFiles/cmTC_76f17.dir/link.txt --verbose=1
/usr/bin/cc  -DCHECK_FUNCTION_EXISTS=pthread_create    -rdynamic CMakeFiles/cmTC_76f17.dir/CheckFunctionExists.c.o  -o cmTC_76f17 -lpthreads 
/usr/bin/ld: cannot find -lpthreads
collect2: error: ld returned 1 exit status
CMakeFiles/cmTC_76f17.dir/build.make:97: recipe for target 'cmTC_76f17' failed
make[2]: *** [cmTC_76f17] Error 1
make[2]: Leaving directory '/home/alena/athena/athena_heart/build/CMakeFiles/CMakeTmp'
Makefile:126: recipe for target 'cmTC_76f17/fast' failed
make[1]: *** [cmTC_76f17/fast] Error 2
make[1]: Leaving directory '/home/alena/athena/athena_heart/build/CMakeFiles/CMakeTmp'


